<?xml version="1.0" encoding="UTF-8" ?>
<testsuite tests="14" failures="0" name="com.gisoft.gildedrose.classes.GildedRoseTest" time="0.021" errors="0" skipped="0">
  <properties>
    <property name="java.runtime.name" value="Java(TM) SE Runtime Environment"/>
    <property name="java.vm.version" value="11.0.15+8-LTS-149"/>
    <property name="sun.boot.library.path" value="C:\Program Files\Java\jdk-11.0.15\bin"/>
    <property name="maven.multiModuleProjectDirectory" value="D:\Documentos\Documents\NetBeansProjects\GildedRose"/>
    <property name="java.vm.vendor" value="Oracle Corporation"/>
    <property name="java.vendor.url" value="https://openjdk.java.net/"/>
    <property name="guice.disable.misplaced.annotation.check" value="true"/>
    <property name="path.separator" value=";"/>
    <property name="java.vm.name" value="Java HotSpot(TM) 64-Bit Server VM"/>
    <property name="sun.os.patch.level" value=""/>
    <property name="user.script" value=""/>
    <property name="user.country" value="BO"/>
    <property name="sun.java.launcher" value="SUN_STANDARD"/>
    <property name="test" value="com.gisoft.gildedrose.classes.GildedRoseTest"/>
    <property name="java.vm.specification.name" value="Java Virtual Machine Specification"/>
    <property name="user.dir" value="D:\Documentos\Documents\NetBeansProjects\GildedRose"/>
    <property name="java.vm.compressedOopsMode" value="Zero based"/>
    <property name="java.runtime.version" value="11.0.15+8-LTS-149"/>
    <property name="java.awt.graphicsenv" value="sun.awt.Win32GraphicsEnvironment"/>
    <property name="os.arch" value="amd64"/>
    <property name="java.io.tmpdir" value="C:\Users\User\AppData\Local\Temp\"/>
    <property name="line.separator" value="
"/>
    <property name="java.vm.specification.vendor" value="Oracle Corporation"/>
    <property name="user.variant" value=""/>
    <property name="os.name" value="Windows 10"/>
    <property name="maven.ext.class.path" value="C:\Program Files\NetBeans-16\netbeans\java\maven-nblib\netbeans-eventspy.jar"/>
    <property name="classworlds.conf" value="C:\Program Files\NetBeans-16\netbeans\java\maven\bin\m2.conf"/>
    <property name="sun.jnu.encoding" value="Cp1252"/>
    <property name="java.library.path" value="C:\Program Files\Java\jdk-11.0.15\bin;C:\Windows\Sun\Java\bin;C:\Windows\system32;C:\Windows;C:\Program Files\Common Files\Oracle\Java\javapath;C:\Program Files\AdoptOpenJDK\jdk-11.0.11.9-hotspot\bin;C:\Program Files (x86)\Common Files\Oracle\Java\javapath;C:\Windows\system32;C:\Windows;C:\Windows\System32\Wbem;C:\Windows\System32\WindowsPowerShell\v1.0\;C:\Windows\System32\OpenSSH\;C:\Program Files\Microsoft VS Code\bin;C:\Program Files\Microsoft SQL Server\130\Tools\Binn\;C:\Program Files\dotnet\;C:\Program Files\Microsoft SQL Server\Client SDK\ODBC\170\Tools\Binn\;C:\Program Files (x86)\Microsoft SQL Server\150\Tools\Binn\;C:\Program Files\Microsoft SQL Server\150\Tools\Binn\;C:\Program Files\Microsoft SQL Server\150\DTS\Binn\;C:\Program Files (x86)\Microsoft SQL Server\150\DTS\Binn\;C:\Program Files\Azure Data Studio\bin;C:\ProgramData\ComposerSetup\bin;C:\Program Files\PuTTY\;C:\Program Files\Git\cmd;C:\Program Files\GitHub CLI\;C:\Program Files\nodejs\;C:\Program Files\Docker\Docker\resources\bin;C:\Users\User\AppData\Local\Programs\Python\Python39\Scripts\;C:\Users\User\AppData\Local\Programs\Python\Python39\;C:\Users\User\AppData\Local\Microsoft\WindowsApps;C:\src\flutter\bin;C:\Program Files\Azure Data Studio\bin;C:\xampp\php;C:\Users\User\AppData\Roaming\Composer\vendor\bin;C:\Users\User\AppData\Local\Google\Cloud SDK\google-cloud-sdk\bin;C:\Program Files\heroku\bin;C:\Program Files\Git\bin\;C:\Program Files\Git\cmd\;C:\Users\User\.dotnet\tools;C:\Users\User\AppData\Roaming\npm;."/>
    <property name="maven.conf" value="C:\Program Files\NetBeans-16\netbeans\java\maven/conf"/>
    <property name="jdk.debug" value="release"/>
    <property name="java.class.version" value="55.0"/>
    <property name="java.specification.name" value="Java Platform API Specification"/>
    <property name="sun.management.compiler" value="HotSpot 64-Bit Tiered Compilers"/>
    <property name="os.version" value="10.0"/>
    <property name="library.jansi.path" value="C:\Program Files\NetBeans-16\netbeans\java\maven\lib\jansi-native"/>
    <property name="user.home" value="C:\Users\User"/>
    <property name="user.timezone" value="America/La_Paz"/>
    <property name="java.awt.printerjob" value="sun.awt.windows.WPrinterJob"/>
    <property name="file.encoding" value="UTF-8"/>
    <property name="java.specification.version" value="11"/>
    <property name="user.name" value="User"/>
    <property name="java.class.path" value="C:\Program Files\NetBeans-16\netbeans\java\maven\boot\plexus-classworlds-2.6.0.jar"/>
    <property name="java.vm.specification.version" value="11"/>
    <property name="sun.arch.data.model" value="64"/>
    <property name="sun.java.command" value="org.codehaus.plexus.classworlds.launcher.Launcher -Dtest=com.gisoft.gildedrose.classes.GildedRoseTest -Dmaven.ext.class.path=C:\Program Files\NetBeans-16\netbeans\java\maven-nblib\netbeans-eventspy.jar -Dfile.encoding=UTF-8 surefire:test"/>
    <property name="java.home" value="C:\Program Files\Java\jdk-11.0.15"/>
    <property name="user.language" value="es"/>
    <property name="java.specification.vendor" value="Oracle Corporation"/>
    <property name="awt.toolkit" value="sun.awt.windows.WToolkit"/>
    <property name="java.vm.info" value="mixed mode"/>
    <property name="java.version" value="11.0.15"/>
    <property name="java.vendor" value="Oracle Corporation"/>
    <property name="maven.home" value="C:\Program Files\NetBeans-16\netbeans\java\maven"/>
    <property name="file.separator" value="\"/>
    <property name="java.version.date" value="2022-04-19"/>
    <property name="java.vendor.url.bug" value="https://bugreport.java.com/bugreport/"/>
    <property name="sun.io.unicode.encoding" value="UnicodeLittle"/>
    <property name="sun.cpu.endian" value="little"/>
    <property name="java.vendor.version" value="18.9"/>
    <property name="sun.desktop" value="windows"/>
    <property name="sun.cpu.isalist" value="amd64"/>
  </properties>
  <testcase classname="com.gisoft.gildedrose.classes.GildedRoseTest" name="testItemSufurasLegendary" time="0.014"/>
  <testcase classname="com.gisoft.gildedrose.classes.GildedRoseTest" name="testConjuredAlternativeQualityWhenSellInZero" time="0"/>
  <testcase classname="com.gisoft.gildedrose.classes.GildedRoseTest" name="testNormalItemZeroQuality" time="0.002"/>
  <testcase classname="com.gisoft.gildedrose.classes.GildedRoseTest" name="testNormalItemDoubleDecrementQuality" time="0"/>
  <testcase classname="com.gisoft.gildedrose.classes.GildedRoseTest" name="testBackstageTripleIncrementQuality" time="0"/>
  <testcase classname="com.gisoft.gildedrose.classes.GildedRoseTest" name="testConjuredNonZeroQuality" time="0"/>
  <testcase classname="com.gisoft.gildedrose.classes.GildedRoseTest" name="testNormalItemDecrementQuality" time="0.001"/>
  <testcase classname="com.gisoft.gildedrose.classes.GildedRoseTest" name="testBackstageZeroQuality" time="0"/>
  <testcase classname="com.gisoft.gildedrose.classes.GildedRoseTest" name="testbackstageIncrementsQuality" time="0.001"/>
  <testcase classname="com.gisoft.gildedrose.classes.GildedRoseTest" name="testConjuredQualityWhenSellInZero" time="0"/>
  <testcase classname="com.gisoft.gildedrose.classes.GildedRoseTest" name="testConjuredDecrementQuality" time="0.001"/>
  <testcase classname="com.gisoft.gildedrose.classes.GildedRoseTest" name="testbackstageDoubleIncrementQuality" time="0"/>
  <testcase classname="com.gisoft.gildedrose.classes.GildedRoseTest" name="testItemNoGreaterThan50" time="0.001"/>
  <testcase classname="com.gisoft.gildedrose.classes.GildedRoseTest" name="testConjuredAlternativeNonZeroQuality" time="0.001"/>
</testsuite>